<?xml version="1.0" encoding="UTF-8"?>
<!-- Generated by org.testng.reporters.JUnitReportReporter -->
<testsuite hostname="Reddysekhar" failures="0" tests="1" name="com.Tastynibbles.Runner.TastyNibblesAddItemToCart" time="36.081" errors="0" timestamp="2025-03-25T09:25:31 IST" skipped="0">
  <testcase classname="com.Tastynibbles.Runner.TastyNibblesAddItemToCart" name="runScenario" time="36.081"/>
</testsuite> <!-- com.Tastynibbles.Runner.TastyNibblesAddItemToCart -->
