<?xml version="1.0" encoding="UTF-8"?>
<!-- Generated by org.testng.reporters.JUnitReportReporter -->
<testsuite hostname="Reddysekhar" failures="0" tests="2" name="com.Tastynibbles.Runner.TastyNibblesRegistration" time="50.846" errors="0" timestamp="2025-03-25T09:25:31 IST" skipped="0">
  <testcase classname="com.Tastynibbles.Runner.TastyNibblesRegistration" name="runScenario" time="24.128"/>
  <testcase classname="com.Tastynibbles.Runner.TastyNibblesRegistration" name="runScenario" time="26.718"/>
</testsuite> <!-- com.Tastynibbles.Runner.TastyNibblesRegistration -->
