<?xml version="1.0" encoding="UTF-8"?>
<!-- Generated by org.testng.reporters.JUnitReportReporter -->
<testsuite hostname="Reddysekhar" failures="0" tests="2" name="com.Tastynibbles.Runner.TastyNibblesLoginwithValidAndInavliddata" time="56.433" errors="0" timestamp="2025-03-25T09:25:31 IST" skipped="0">
  <testcase classname="com.Tastynibbles.Runner.TastyNibblesLoginwithValidAndInavliddata" name="runScenario" time="25.981"/>
  <testcase classname="com.Tastynibbles.Runner.TastyNibblesLoginwithValidAndInavliddata" name="runScenario" time="30.452"/>
</testsuite> <!-- com.Tastynibbles.Runner.TastyNibblesLoginwithValidAndInavliddata -->
