<?xml version="1.0" encoding="UTF-8"?>
<!-- Generated by org.testng.reporters.JUnitReportReporter -->
<testsuite hostname="Reddysekhar" failures="0" tests="1" name="com.Tastynibbles.Runner.TastyNibblesAddMultipleItemstoCart" time="39.678" errors="0" timestamp="2025-03-25T09:25:31 IST" skipped="0">
  <testcase classname="com.Tastynibbles.Runner.TastyNibblesAddMultipleItemstoCart" name="runScenario" time="39.678"/>
</testsuite> <!-- com.Tastynibbles.Runner.TastyNibblesAddMultipleItemstoCart -->
